<?xml version="1.0"?>
<!DOCTYPE coverage SYSTEM "http://cobertura.sourceforge.net/xml/coverage-02.dtd">
<coverage line-rate="0.1027580912539914" branch-rate="0.11652964305775418" version="1.8" timestamp="1411318761109">
	<sources>
	</sources>
	<packages>
		<package name="org.aspectj.ajdt.ajc" line-rate="0.2619589977220957" branch-rate="0.43529411764705883" complexity="0.0">
			<classes>
				
				<class name="org.aspectj.ajdt.ajc.AjdtCommand" filename="org/aspectj/ajdt/ajc/AjdtCommand.java" line-rate="0.3333333333333333" branch-rate="0.2857142857142857" complexity="0.0">
					<methods>
						<method name="&lt;init&gt;" signature="()V" line-rate="1.0" branch-rate="1.0">
							<lines>
								<line number="29" hits="1" branch="false"/>
								<line number="34" hits="1" branch="false"/>
								<line number="36" hits="1" branch="false"/>
								<line number="37" hits="1" branch="false"/>
							</lines>
						</method>
						<method name="genBuildConfig" signature="([Ljava/lang/String;Lorg/aspectj/bridge/IMessageHandler;)Lorg/aspectj/ajdt/internal/core/builder/AjBuildConfig;" line-rate="0.625" branch-rate="1.0">
							<lines>
								<line number="103" hits="1" branch="false"/>
								<line number="104" hits="1" branch="false"/>
								<line number="105" hits="1" branch="false"/>
								<line number="107" hits="1" branch="true"/>
								<line number="108" hits="0" branch="false"/>
								<line number="109" hits="0" branch="false"/>
								<line number="110" hits="0" branch="false"/>
								<line number="112" hits="1" branch="false"/>
							</lines>
						</method>
						<method name="inferKind" signature="(Ljava/lang/String;)Lorg/aspectj/bridge/IMessage$Kind;" line-rate="0.0" branch-rate="0.0">
							<lines>
								<line number="117" hits="0" branch="true"/>
								<line number="118" hits="0" branch="false"/>
								<line number="119" hits="0" branch="true"/>
								<line number="120" hits="0" branch="false"/>
								<line number="122" hits="0" branch="false"/>
							</lines>
						</method>
						<method name="repeatCommand" signature="(Lorg/aspectj/bridge/IMessageHandler;)Z" line-rate="0.0" branch-rate="0.0">
							<lines>
								<line number="81" hits="0" branch="true"/>
								<line number="82" hits="0" branch="false"/>
								<line number="83" hits="0" branch="false"/>
								<line number="87" hits="0" branch="false"/>
								<line number="89" hits="0" branch="false"/>
								<line number="90" hits="0" branch="true"/>
								<line number="93" hits="0" branch="false"/>
								<line number="94" hits="0" branch="false"/>
								<line number="95" hits="0" branch="false"/>
								<line number="96" hits="0" branch="false"/>
								<line number="97" hits="0" branch="false"/>
							</lines>
						</method>
						<method name="runCommand" signature="([Ljava/lang/String;Lorg/aspectj/bridge/IMessageHandler;)Z" line-rate="0.35294117647058826" branch-rate="0.5">
							<lines>
								<line number="49" hits="1" branch="false"/>
								<line number="50" hits="1" branch="false"/>
								<line number="51" hits="1" branch="false"/>
								<line number="52" hits="1" branch="false"/>
								<line number="53" hits="1" branch="false"/>
								<line number="54" hits="1" branch="true"/>
								<line number="57" hits="0" branch="false"/>
								<line number="58" hits="0" branch="true"/>
								<line number="59" hits="0" branch="false"/>
								<line number="61" hits="0" branch="false"/>
								<line number="62" hits="0" branch="false"/>
								<line number="64" hits="0" branch="false"/>
								<line number="65" hits="0" branch="false"/>
								<line number="66" hits="0" branch="false"/>
								<line number="67" hits="0" branch="false"/>
								<line number="69" hits="0" branch="false"/>
								<line number="70" hits="0" branch="false"/>
							</lines>
						</method>
					</methods>
					<lines>
						<line number="29" hits="1" branch="false"/>
						<line number="34" hits="1" branch="false"/>
						<line number="36" hits="1" branch="false"/>
						<line number="37" hits="1" branch="false"/>
						<line number="49" hits="1" branch="false"/>
						<line number="50" hits="1" branch="false"/>
						<line number="51" hits="1" branch="false"/>
						<line number="52" hits="1" branch="false"/>
						<line number="53" hits="1" branch="false"/>
						<line number="54" hits="1" branch="true"/>
						<line number="57" hits="0" branch="false"/>
						<line number="58" hits="0" branch="true"/>
						<line number="59" hits="0" branch="false"/>
						<line number="61" hits="0" branch="false"/>
						<line number="62" hits="0" branch="false"/>
						<line number="64" hits="0" branch="false"/>
						<line number="65" hits="0" branch="false"/>
						<line number="66" hits="0" branch="false"/>
						<line number="67" hits="0" branch="false"/>
						<line number="69" hits="0" branch="false"/>
						<line number="70" hits="0" branch="false"/>
						<line number="81" hits="0" branch="true"/>
						<line number="82" hits="0" branch="false"/>
						<line number="83" hits="0" branch="false"/>
						<line number="87" hits="0" branch="false"/>
						<line number="89" hits="0" branch="false"/>
						<line number="90" hits="0" branch="true"/>
						<line number="93" hits="0" branch="false"/>
						<line number="94" hits="0" branch="false"/>
						<line number="95" hits="0" branch="false"/>
						<line number="96" hits="0" branch="false"/>
						<line number="97" hits="0" branch="false"/>
						<line number="103" hits="1" branch="false"/>
						<line number="104" hits="1" branch="false"/>
						<line number="105" hits="1" branch="false"/>
						<line number="107" hits="1" branch="true"/>
						<line number="108" hits="0" branch="false"/>
						<line number="109" hits="0" branch="false"/>
						<line number="110" hits="0" branch="false"/>
						<line number="112" hits="1" branch="false"/>
						<line number="117" hits="0" branch="true"/>
						<line number="118" hits="0" branch="false"/>
						<line number="119" hits="0" branch="true"/>
						<line number="120" hits="0" branch="false"/>
						<line number="122" hits="0" branch="false"/>
					</lines>
				</class>
				
				<class name="org.aspectj.ajdt.ajc.BuildArgParser" filename="org/aspectj/ajdt/ajc/BuildArgParser.java" line-rate="0.8148148148148148" branch-rate="0.9090909090909091" complexity="0.0">
					<methods>
						<method name="&lt;init&gt;" signature="()V" line-rate="1.0" branch-rate="1.0">
							<lines>
								<line number="73" hits="1" branch="false"/>
								<line number="74" hits="1" branch="false"/>
							</lines>
						</method>
						<method name="&lt;init&gt;" signature="(Ljava/io/PrintWriter;)V" line-rate="0.8333333333333334" branch-rate="1.0">
							<lines>
								<line number="62" hits="1" branch="false"/>
								<line number="63" hits="1" branch="false"/>
								<line number="64" hits="1" branch="true"/>
								<line number="65" hits="1" branch="false"/>
								<line number="67" hits="0" branch="false"/>
								<line number="69" hits="1" branch="false"/>
							</lines>
						</method>
						<method name="addClasspath" signature="(Ljava/lang/String;Ljava/util/List;)V" line-rate="1.0" branch-rate="1.0">
							<lines>
								<line number="229" hits="1" branch="false"/>
								<line number="230" hits="8" branch="true"/>
								<line number="231" hits="7" branch="false"/>
								<line number="233" hits="1" branch="false"/>
							</lines>
						</method>
						<method name="addExtDirs" signature="(Ljava/lang/String;Ljava/util/List;)V" line-rate="1.0" branch-rate="1.0">
							<lines>
								<line number="210" hits="1" branch="false"/>
								<line number="211" hits="2" branch="true"/>
								<line number="213" hits="1" branch="false"/>
								<line number="214" hits="1" branch="true"/>
								<line number="215" hits="1" branch="false"/>
								<line number="220" hits="5" branch="true"/>
								<line number="221" hits="4" branch="false"/>
								<line number="225" hits="1" branch="false"/>
							</lines>
						</method>
						<method name="collectSourceRootFiles" signature="(Ljava/io/File;)Ljava/util/Collection;" line-rate="0.0" branch-rate="1.0">
							<lines>
								<line number="175" hits="0" branch="false"/>
							</lines>
						</method>
						<method name="genBuildConfig" signature="([Ljava/lang/String;Lorg/aspectj/bridge/IMessageHandler;)Lorg/aspectj/ajdt/internal/core/builder/AjBuildConfig;" line-rate="0.7222222222222222" branch-rate="0.8181818181818182">
							<lines>
								<line number="77" hits="1" branch="false"/>
								<line number="80" hits="1" branch="false"/>
								<line number="82" hits="1" branch="false"/>
								<line number="83" hits="1" branch="false"/>
								<line number="84" hits="1" branch="false"/>
								<line number="85" hits="1" branch="true"/>
								<line number="86" hits="0" branch="false"/>
								<line number="87" hits="0" branch="false"/>
								<line number="90" hits="1" branch="false"/>
								<line number="91" hits="1" branch="false"/>
								<line number="93" hits="1" branch="true"/>
								<line number="94" hits="1" branch="true"/>
								<line number="95" hits="1" branch="true"/>
								<line number="96" hits="1" branch="false"/>
								<line number="100" hits="0" branch="true"/>
								<line number="101" hits="0" branch="false"/>
								<line number="106" hits="1" branch="false"/>
								<line number="107" hits="1" branch="true"/>
								<line number="108" hits="1" branch="false"/>
								<line number="111" hits="1" branch="true"/>
								<line number="112" hits="1" branch="true"/>
								<line number="113" hits="0" branch="false"/>
								<line number="117" hits="1" branch="false"/>
								<line number="118" hits="1" branch="true"/>
								<line number="119" hits="1" branch="false"/>
								<line number="122" hits="1" branch="false"/>
								<line number="124" hits="1" branch="true"/>
								<line number="125" hits="0" branch="true"/>
								<line number="126" hits="0" branch="false"/>
								<line number="131" hits="1" branch="false"/>
								<line number="132" hits="1" branch="false"/>
								<line number="133" hits="0" branch="false"/>
								<line number="134" hits="0" branch="false"/>
								<line number="135" hits="0" branch="false"/>
								<line number="136" hits="1" branch="false"/>
								<line number="137" hits="1" branch="false"/>
							</lines>
						</method>
						<method name="getClasspath" signature="(Lorg/aspectj/ajdt/ajc/BuildArgParser$AjcConfigParser;)Ljava/util/List;" line-rate="0.8333333333333334" branch-rate="1.0">
							<lines>
								<line number="180" hits="1" branch="false"/>
								<line number="182" hits="1" branch="true"/>
								<line number="183" hits="1" branch="false"/>
								<line number="185" hits="0" branch="false"/>
								<line number="188" hits="1" branch="false"/>
								<line number="189" hits="1" branch="true"/>
								<line number="190" hits="1" branch="false"/>
								<line number="192" hits="1" branch="false"/>
								<line number="194" hits="1" branch="true"/>
								<line number="198" hits="0" branch="false"/>
								<line number="200" hits="1" branch="false"/>
								<line number="206" hits="1" branch="false"/>
							</lines>
						</method>
						<method name="getOtherMessages" signature="(Z)Ljava/lang/String;" line-rate="0.875" branch-rate="1.0">
							<lines>
								<line number="147" hits="1" branch="true"/>
								<line number="148" hits="0" branch="false"/>
								<line number="151" hits="1" branch="false"/>
								<line number="152" hits="1" branch="true"/>
								<line number="153" hits="1" branch="false"/>
								<line number="155" hits="1" branch="true"/>
								<line number="156" hits="1" branch="false"/>
								<line number="158" hits="1" branch="false"/>
							</lines>
						</method>
						<method name="setDebugOptions" signature="()V" line-rate="1.0" branch-rate="1.0">
							<lines>
								<line number="162" hits="1" branch="false"/>
								<line number="165" hits="1" branch="false"/>
								<line number="168" hits="1" branch="false"/>
								<line number="171" hits="1" branch="false"/>
							</lines>
						</method>
					</methods>
					<lines>
						<line number="62" hits="1" branch="false"/>
						<line number="63" hits="1" branch="false"/>
						<line number="64" hits="1" branch="true"/>
						<line number="65" hits="1" branch="false"/>
						<line number="67" hits="0" branch="false"/>
						<line number="69" hits="1" branch="false"/>
						<line number="73" hits="1" branch="false"/>
						<line number="74" hits="1" branch="false"/>
						<line number="77" hits="1" branch="false"/>
						<line number="80" hits="1" branch="false"/>
						<line number="82" hits="1" branch="false"/>
						<line number="83" hits="1" branch="false"/>
						<line number="84" hits="1" branch="false"/>
						<line number="85" hits="1" branch="true"/>
						<line number="86" hits="0" branch="false"/>
						<line number="87" hits="0" branch="false"/>
						<line number="90" hits="1" branch="false"/>
						<line number="91" hits="1" branch="false"/>
						<line number="93" hits="1" branch="true"/>
						<line number="94" hits="1" branch="true"/>
						<line number="95" hits="1" branch="true"/>
						<line number="96" hits="1" branch="false"/>
						<line number="100" hits="0" branch="true"/>
						<line number="101" hits="0" branch="false"/>
						<line number="106" hits="1" branch="false"/>
						<line number="107" hits="1" branch="true"/>
						<line number="108" hits="1" branch="false"/>
						<line number="111" hits="1" branch="true"/>
						<line number="112" hits="1" branch="true"/>
						<line number="113" hits="0" branch="false"/>
						<line number="117" hits="1" branch="false"/>
						<line number="118" hits="1" branch="true"/>
						<line number="119" hits="1" branch="false"/>
						<line number="122" hits="1" branch="false"/>
						<line number="124" hits="1" branch="true"/>
						<line number="125" hits="0" branch="true"/>
						<line number="126" hits="0" branch="false"/>
						<line number="131" hits="1" branch="false"/>
						<line number="132" hits="1" branch="false"/>
						<line number="133" hits="0" branch="false"/>
						<line number="134" hits="0" branch="false"/>
						<line number="135" hits="0" branch="false"/>
						<line number="136" hits="1" branch="false"/>
						<line number="137" hits="1" branch="false"/>
						<line number="147" hits="1" branch="true"/>
						<line number="148" hits="0" branch="false"/>
						<line number="151" hits="1" branch="false"/>
						<line number="152" hits="1" branch="true"/>
						<line number="153" hits="1" branch="false"/>
						<line number="155" hits="1" branch="true"/>
						<line number="156" hits="1" branch="false"/>
						<line number="158" hits="1" branch="false"/>
						<line number="162" hits="1" branch="false"/>
						<line number="165" hits="1" branch="false"/>
						<line number="168" hits="1" branch="false"/>
						<line number="171" hits="1" branch="false"/>
						<line number="175" hits="0" branch="false"/>
						<line number="180" hits="1" branch="false"/>
						<line number="182" hits="1" branch="true"/>
						<line number="183" hits="1" branch="false"/>
						<line number="185" hits="0" branch="false"/>
						<line number="188" hits="1" branch="false"/>
						<line number="189" hits="1" branch="true"/>
						<line number="190" hits="1" branch="false"/>
						<line number="192" hits="1" branch="false"/>
						<line number="194" hits="1" branch="true"/>
						<line number="198" hits="0" branch="false"/>
						<line number="200" hits="1" branch="false"/>
						<line number="206" hits="1" branch="false"/>
						<line number="210" hits="1" branch="false"/>
						<line number="211" hits="2" branch="true"/>
						<line number="213" hits="1" branch="false"/>
						<line number="214" hits="1" branch="true"/>
						<line number="215" hits="1" branch="false"/>
						<line number="220" hits="5" branch="true"/>
						<line number="221" hits="4" branch="false"/>
						<line number="225" hits="1" branch="false"/>
						<line number="229" hits="1" branch="false"/>
						<line number="230" hits="8" branch="true"/>
						<line number="231" hits="7" branch="false"/>
						<line number="233" hits="1" branch="false"/>
					</lines>
				</class>	
			</classes>
		</package>
	</packages>
</coverage>

